[Wed May 29 15:49:42.316 2019] 0.000 sec 0.000 sec [ext/0/rel 1 (0,2000)] [article_index] 显示
[Wed May 29 15:49:53.434 2019] 0.000 sec 0.000 sec [ext/0/rel 1 (0,2000)] [article_index] 电源线
[Wed May 29 15:51:03.131 2019] 0.000 sec 0.000 sec [ext/0/rel 0 (0,2000)] [article_index] 杯子
[Wed May 29 15:51:20.721 2019] 0.000 sec 0.000 sec [ext/0/rel 0 (0,2000)] [article_index] 杯子
[Wed May 29 15:51:57.717 2019] 0.000 sec 0.000 sec [ext/0/rel 1 (0,2000)] [article_index] 杯子
[Wed May 29 16:13:43.592 2019] 0.000 sec 0.000 sec [ext/0/rel 0 (0,2000)] [article_index] 头像
[Wed May 29 16:14:34.427 2019] 0.000 sec 0.000 sec [ext/0/rel 0 (0,2000)] [article_index] 头像
[Wed May 29 16:14:59.494 2019] 0.000 sec 0.000 sec [ext/0/rel 1 (0,2000)] [article_index] 头像
[Wed May 29 16:19:16.522 2019] 0.000 sec 0.000 sec [ext/0/rel 0 (0,2000)] [article_index] 肩膀
[Wed May 29 16:19:21.920 2019] 0.000 sec 0.000 sec [ext/0/rel 0 (0,2000)] [article_index] 肩膀
[Wed May 29 16:27:01.075 2019] 0.000 sec 0.000 sec [ext/0/rel 0 (0,2000)] [article_index] 裤子
[Wed May 29 16:27:55.074 2019] 0.000 sec 0.000 sec [ext/0/rel 0 (0,2000)] [article_index] 裤子
[Wed May 29 16:27:57.230 2019] 0.000 sec 0.000 sec [ext/0/rel 0 (0,2000)] [article_index] 裤子
[Wed May 29 16:27:57.411 2019] 0.000 sec 0.000 sec [ext/0/rel 0 (0,2000)] [article_index] 裤子
[Wed May 29 16:27:57.591 2019] 0.000 sec 0.000 sec [ext/0/rel 0 (0,2000)] [article_index] 裤子
[Wed May 29 16:27:57.760 2019] 0.000 sec 0.000 sec [ext/0/rel 0 (0,2000)] [article_index] 裤子
[Wed May 29 16:27:57.922 2019] 0.000 sec 0.000 sec [ext/0/rel 0 (0,2000)] [article_index] 裤子
[Wed May 29 16:29:24.306 2019] 0.000 sec 0.000 sec [ext/0/rel 1 (0,2000)] [article_index] 裤子
[Wed May 29 16:29:48.134 2019] 0.000 sec 0.000 sec [ext/0/rel 0 (0,2000)] [article_index] 点灯
[Wed May 29 16:29:56.667 2019] 0.000 sec 0.000 sec [ext/0/rel 0 (0,2000)] [article_index] 点灯
[Wed May 29 16:31:53.386 2019] 0.000 sec 0.000 sec [ext/0/rel 1 (0,2000)] [article_index] 点灯
[Wed May 29 16:32:17.576 2019] 0.000 sec 0.000 sec [ext/0/rel 0 (0,2000)] [article_index] 手机
[Wed May 29 16:32:38.028 2019] 0.000 sec 0.000 sec [ext/0/rel 0 (0,2000)] [article_index] 手机
[Wed May 29 16:33:10.275 2019] 0.000 sec 0.000 sec [ext/0/rel 0 (0,2000)] [article_index] 黑色
[Wed May 29 16:33:58.189 2019] 0.000 sec 0.000 sec [ext/0/rel 1 (0,2000)] [article_index] 黑色
[Wed May 29 16:35:07.589 2019] 0.000 sec 0.000 sec [ext/0/rel 1 (0,2000)] [article_index] 黑色
[Wed May 29 16:42:30.486 2019] 0.000 sec 0.000 sec [ext/0/rel 1 (0,2000)] [article_index] 黑色
[Thu May 30 09:49:41.614 2019] 0.000 sec 0.000 sec [ext/0/rel 0 (0,2000)] [article_index] 手机
[Thu May 30 09:49:46.045 2019] 0.000 sec 0.000 sec [ext/0/rel 0 (0,2000)] [article_index] 手机
[Thu May 30 09:50:19.253 2019] 0.000 sec 0.000 sec [ext/0/rel 0 (0,2000)] [article_index] 手机
[Thu May 30 09:50:44.789 2019] 0.000 sec 0.000 sec [ext/0/rel 0 (0,2000)] [article_index] 手机
[Thu May 30 09:50:48.118 2019] 0.000 sec 0.000 sec [ext/0/rel 0 (0,2000)] [article_index] 手机
[Thu May 30 09:51:02.645 2019] 0.000 sec 0.000 sec [ext/0/rel 0 (0,2000)] [article_index] 手机
[Thu May 30 09:51:37.180 2019] 0.000 sec 0.000 sec [ext/0/rel 0 (0,2000)] [article_index] 手机
[Thu May 30 09:53:31.648 2019] 0.000 sec 0.000 sec [ext/0/rel 0 (0,2000)] [article_index] 手机
[Thu May 30 09:54:17.431 2019] 0.000 sec 0.000 sec [ext/0/rel 0 (0,2000)] [article_index] 手机
[Thu May 30 09:54:35.944 2019] 0.000 sec 0.000 sec [ext/0/rel 0 (0,2000)] [article_index] 手机
[Thu May 30 09:55:27.377 2019] 0.000 sec 0.000 sec [ext/0/rel 0 (0,2000)] [article_index] 光标
[Thu May 30 09:56:00.504 2019] 0.001 sec 0.001 sec [ext/0/rel 0 (0,2000)] [article_index] 光标
[Thu May 30 09:56:07.242 2019] 0.001 sec 0.001 sec [ext/0/rel 1 (0,2000)] [article_index] 光标
[Thu May 30 10:01:38.834 2019] 0.000 sec 0.000 sec [ext/0/rel 1 (0,2000)] [article_index] 光标
[Thu May 30 10:01:51.741 2019] 0.000 sec 0.000 sec [ext/0/rel 0 (0,2000)] [article_index] 风扇
[Thu May 30 10:01:56.603 2019] 0.000 sec 0.000 sec [ext/0/rel 0 (0,2000)] [article_index] 风扇
[Thu May 30 10:02:01.329 2019] 0.000 sec 0.000 sec [ext/0/rel 1 (0,2000)] [article_index] 风扇
[Thu May 30 10:03:24.536 2019] 0.000 sec 0.000 sec [ext/0/rel 0 (0,2000)] [article_index] 水枪
[Thu May 30 10:03:31.322 2019] 0.000 sec 0.000 sec [ext/0/rel 0 (0,2000)] [article_index] 水枪
[Thu May 30 10:03:39.373 2019] 0.000 sec 0.000 sec [ext/0/rel 1 (0,2000)] [article_index] 水枪
[Thu May 30 10:08:28.184 2019] 0.000 sec 0.000 sec [ext/0/rel 0 (0,2000)] [article_index] 打架
[Thu May 30 10:08:37.238 2019] 0.000 sec 0.000 sec [ext/0/rel 0 (0,2000)] [article_index] 打架
[Thu May 30 10:08:39.836 2019] 0.000 sec 0.000 sec [ext/0/rel 0 (0,2000)] [article_index] 打架
[Thu May 30 10:10:12.821 2019] 0.000 sec 0.000 sec [ext/0/rel 0 (0,2000)] [article_index] 书包
[Thu May 30 10:10:30.168 2019] 0.000 sec 0.000 sec [ext/0/rel 0 (0,2000)] [article_index] 书包
[Thu May 30 10:10:32.377 2019] 0.000 sec 0.000 sec [ext/0/rel 0 (0,2000)] [article_index] 书包
[Thu May 30 10:10:43.391 2019] 0.000 sec 0.000 sec [ext/0/rel 0 (0,2000)] [article_index] 书包
[Thu May 30 10:10:51.628 2019] 0.000 sec 0.000 sec [ext/0/rel 0 (0,2000)] [article_index] 书包
[Thu May 30 10:17:58.355 2019] 0.000 sec 0.000 sec [ext/0/rel 0 (0,2000)] [article_index] 书包
[Thu May 30 10:18:06.284 2019] 0.000 sec 0.000 sec [ext/0/rel 0 (0,2000)] [article_index] 书包
[Thu May 30 10:18:55.422 2019] 0.000 sec 0.000 sec [ext/0/rel 0 (0,2000)] [article_index] 书包
[Thu May 30 10:21:29.820 2019] 0.000 sec 0.000 sec [ext/0/rel 0 (0,2000)] [article_index] 书包
[Thu May 30 10:21:37.245 2019] 0.000 sec 0.000 sec [ext/0/rel 1 (0,2000)] [article_index] 书包
[Thu May 30 10:43:16.865 2019] 0.000 sec 0.000 sec [ext/0/rel 1 (0,2000)] [article_index] 书包
[Thu May 30 10:43:57.957 2019] 0.000 sec 0.000 sec [ext/0/rel 0 (0,2000)] [article_index] 黑屏
[Thu May 30 10:44:14.241 2019] 0.000 sec 0.000 sec [ext/0/rel 1 (0,2000)] [article_index] 黑屏
[Thu May 30 10:46:21.790 2019] 0.000 sec 0.000 sec [ext/0/rel 0 (0,2000)] [article_index] 月亮
[Thu May 30 10:48:01.854 2019] 0.000 sec 0.000 sec [ext/0/rel 0 (0,2000)] [article_index] 月亮
[Thu May 30 10:52:50.278 2019] 0.000 sec 0.000 sec [ext/0/rel 1 (0,2000)] [article_index] 月亮
[Fri May 31 14:47:29.156 2019] 0.002 sec 0.002 sec [ext/0/rel 1 (0,2000)] [article_index] 月亮
[Fri May 31 14:48:25.161 2019] 0.000 sec 0.000 sec [ext/0/rel 0 (0,2000)] [article_index] 喇叭
[Fri May 31 14:48:39.048 2019] 0.001 sec 0.001 sec [ext/0/rel 1 (0,2000)] [article_index] 喇叭
[Fri May 31 14:51:10.012 2019] 0.001 sec 0.001 sec [ext/0/rel 1 (0,2000)] [article_index] 喇叭
[Fri May 31 14:51:41.033 2019] 0.000 sec 0.000 sec [ext/0/rel 1 (0,2000)] [article_index] 喇叭
