[Mon Feb 25 21:28:32.087 2019] 0.000 sec 0.000 sec [ext/0/rel 0 (0,2000)] [goods] blog
[Mon Feb 25 21:28:53.912 2019] 0.000 sec 0.000 sec [ext/0/rel 2 (0,2000)] [goods] 东
[Mon Feb 25 21:29:26.099 2019] 0.000 sec 0.000 sec [ext/0/rel 2 (0,2000)] [goods] 东
[Mon Feb 25 21:29:47.169 2019] 0.000 sec 0.000 sec [ext/0/rel 2 (0,2000)] [goods] 东
[Mon Feb 25 21:31:45.186 2019] 0.000 sec 0.000 sec [ext/0/rel 2 (0,2000)] [goods] 东
[Mon Feb 25 21:32:01.532 2019] 0.000 sec 0.000 sec [ext/0/rel 2 (0,2000)] [goods] 东
[Mon Feb 25 21:32:17.390 2019] 0.000 sec 0.000 sec [ext/0/rel 2 (0,2000)] [goods] 东
[Mon Feb 25 21:36:46.517 2019] 0.000 sec 0.000 sec [ext/0/rel 2 (0,2000)] [goods] 东
[Mon Feb 25 21:37:07.759 2019] 0.000 sec 0.000 sec [ext/0/rel 2 (0,2000)] [goods] 东
[Mon Feb 25 21:44:22.718 2019] 0.000 sec 0.000 sec [ext/0/rel 2 (0,2000)] [goods] 东
[Mon Feb 25 21:44:23.829 2019] 0.000 sec 0.000 sec [ext/0/rel 2 (0,2000)] [goods] 东
[Mon Feb 25 21:44:24.039 2019] 0.000 sec 0.000 sec [ext/0/rel 2 (0,2000)] [goods] 东
[Mon Feb 25 21:44:24.370 2019] 0.000 sec 0.000 sec [ext/0/rel 2 (0,2000)] [goods] 东
[Mon Feb 25 21:44:24.582 2019] 0.000 sec 0.000 sec [ext/0/rel 2 (0,2000)] [goods] 东
[Mon Feb 25 21:44:24.779 2019] 0.000 sec 0.000 sec [ext/0/rel 2 (0,2000)] [goods] 东
[Mon Feb 25 21:44:50.169 2019] 0.000 sec 0.000 sec [ext/0/rel 2 (0,2000)] [goods] 东
[Mon Feb 25 21:45:29.750 2019] 0.000 sec 0.000 sec [ext/0/rel 2 (0,2000)] [goods] 东
[Mon Feb 25 21:46:47.528 2019] 0.000 sec 0.000 sec [ext/0/rel 2 (0,2000)] [goods] 东
[Mon Feb 25 21:47:03.609 2019] 0.000 sec 0.000 sec [ext/0/rel 1 (0,2000)] [goods] 子
[Mon Feb 25 21:49:09.857 2019] 0.000 sec 0.000 sec [ext/0/rel 1 (0,2000)] [goods] 子
[Mon Feb 25 21:54:10.920 2019] 0.000 sec 0.000 sec [ext/0/rel 0 (0,2000)] [goods] 看
[Mon Feb 25 21:54:32.378 2019] 0.000 sec 0.000 sec [ext/0/rel 2 (0,2000)] [goods] 风
[Mon Feb 25 21:55:16.782 2019] 0.000 sec 0.000 sec [ext/0/rel 1 (0,2000)] [goods] 看
[Mon Feb 25 21:55:23.973 2019] 0.000 sec 0.000 sec [ext/0/rel 2 (0,2000)] [goods] 面
[Mon Feb 25 22:07:16.033 2019] 0.000 sec 0.000 sec [ext/0/rel 2 (0,2000)] [goods] 面
[Mon Feb 25 22:07:42.258 2019] 0.000 sec 0.000 sec [ext/0/rel 2 (0,2000)] [goods] 面
[Mon Feb 25 22:07:55.227 2019] 0.000 sec 0.000 sec [ext/0/rel 0 (0,2000)] [goods] 东方
[Mon Feb 25 22:08:04.349 2019] 0.000 sec 0.000 sec [ext/0/rel 2 (0,2000)] [goods] 东风
[Mon Feb 25 22:08:21.293 2019] 0.000 sec 0.000 sec [ext/0/rel 2 (0,2000)] [goods] sphinx
[Mon Feb 25 22:08:45.174 2019] 0.000 sec 0.000 sec [ext/0/rel 2 (0,2000)] [goods] sphinx
[Mon Feb 25 22:09:59.498 2019] 0.000 sec 0.000 sec [ext/0/rel 0 (0,2000)] [goods] sphinx
[Mon Feb 25 22:10:08.625 2019] 0.000 sec 0.000 sec [ext/0/rel 0 (0,2000)] [goods] sphinx
[Mon Feb 25 22:10:34.003 2019] 0.000 sec 0.000 sec [ext/0/rel 0 (0,2000)] [goods] 5
[Mon Feb 25 22:10:58.430 2019] 0.000 sec 0.000 sec [ext/0/rel 2 (0,2000)] [goods] 1
[Mon Feb 25 22:11:19.747 2019] 0.000 sec 0.000 sec [ext/0/rel 0 (0,2000)] [goods] 21:22:28
[Mon Feb 25 22:11:36.091 2019] 0.000 sec 0.000 sec [ext/0/rel 0 (0,2000)] [goods] 22
[Mon Feb 25 22:16:59.250 2019] 0.000 sec 0.000 sec [ext/0/rel 0 (0,2000)] [goods] 棉被
[Mon Feb 25 22:18:32.327 2019] 0.000 sec 0.000 sec [ext/0/rel 3 (0,2000)] [goods] 女
[Mon Feb 25 22:19:01.569 2019] 0.000 sec 0.000 sec [ext/0/rel 3 (0,2000)] [goods] 女
[Mon Feb 25 22:19:49.541 2019] 0.000 sec 0.000 sec [ext/0/rel 91 (0,2000)] [goods] 女
