[Thu May 23 16:22:55.295 2019] [10940] listening on all interfaces, port=9312
[Thu May 23 16:22:55.298 2019] [10940] listening on all interfaces, port=9306
[Thu May 23 16:22:55.344 2019] [10940] rotating index 'article_delta_index': success
[Thu May 23 16:22:55.353 2019] [10940] accepting connections
[Thu May 23 16:22:55.353 2019] [2668] prereading 2 indexes
[Thu May 23 16:22:55.354 2019] [2668] prereaded 2 indexes in 0.002 sec
[Thu May 23 16:23:36.554 2019] [10940] caught SIGHUP (seamless=1, in_rotate=0, need_rotate=0)
[Thu May 23 16:23:36.572 2019] [10492] rotating index 'article_delta_index': started
[Thu May 23 16:23:36.625 2019] [10492] rotating index 'article_delta_index': success
[Thu May 23 16:23:36.626 2019] [10492] rotating index: all indexes done
[Thu May 23 17:18:33.554 2019] [2764] listening on all interfaces, port=9312
[Thu May 23 17:18:33.556 2019] [2764] listening on all interfaces, port=9306
[Thu May 23 17:18:33.573 2019] [2764] binlog: replaying log D:\wamp64\www\sp/data/binlog.001
[Thu May 23 17:18:33.574 2019] [2764] binlog: replay stats: 0 rows in 0 commits; 0 updates, 0 reconfigure; 0 indexes
[Thu May 23 17:18:33.575 2019] [2764] binlog: finished replaying D:\wamp64\www\sp/data/binlog.001; 0.0 MB in 0.000 sec
[Thu May 23 17:18:33.576 2019] [2764] binlog: finished replaying total 1 in 0.003 sec
[Thu May 23 17:18:33.582 2019] [2764] accepting connections
[Thu May 23 17:18:33.582 2019] [10716] prereading 2 indexes
[Thu May 23 17:18:33.584 2019] [10716] prereaded 2 indexes in 0.002 sec
[Thu May 23 17:19:14.305 2019] [10056] query error: unknown local index 'order' in search request
[Thu May 23 17:19:24.495 2019] [2268] query error: unknown local index 'order' in search request
[Thu May 23 17:21:04.901 2019] [2764] caught SIGTERM, shutting down
[Thu May 23 17:21:05.034 2019] [2764] shutdown complete
[Thu May 23 17:25:01.456 2019] [9592] listening on all interfaces, port=9312
[Thu May 23 17:25:01.459 2019] [9592] listening on all interfaces, port=9306
[Thu May 23 17:25:01.484 2019] [9592] binlog: replaying log D:\wamp64\www\sp/data/binlog.001
[Thu May 23 17:25:01.485 2019] [9592] binlog: replay stats: 0 rows in 0 commits; 0 updates, 0 reconfigure; 0 indexes
[Thu May 23 17:25:01.486 2019] [9592] binlog: finished replaying D:\wamp64\www\sp/data/binlog.001; 0.0 MB in 0.000 sec
[Thu May 23 17:25:01.488 2019] [9592] binlog: finished replaying total 1 in 0.003 sec
[Thu May 23 17:25:01.498 2019] [9592] accepting connections
[Thu May 23 17:25:01.498 2019] [8248] prereading 3 indexes
[Thu May 23 17:25:01.500 2019] [8248] prereaded 3 indexes in 0.002 sec
[Thu May 23 17:25:06.167 2019] [11104] query error: unknown local index 'order' in search request
[Thu May 23 17:26:21.047 2019] [9592] caught SIGTERM, shutting down
[Thu May 23 17:26:21.114 2019] [9592] shutdown complete
[Thu May 23 17:27:35.054 2019] [4656] listening on all interfaces, port=9312
[Thu May 23 17:27:35.057 2019] [4656] listening on all interfaces, port=9306
[Thu May 23 17:27:35.078 2019] [4656] binlog: replaying log D:\wamp64\www\sp/data/binlog.001
[Thu May 23 17:27:35.079 2019] [4656] binlog: replay stats: 0 rows in 0 commits; 0 updates, 0 reconfigure; 0 indexes
[Thu May 23 17:27:35.081 2019] [4656] binlog: finished replaying D:\wamp64\www\sp/data/binlog.001; 0.0 MB in 0.000 sec
[Thu May 23 17:27:35.082 2019] [4656] binlog: finished replaying total 1 in 0.004 sec
[Thu May 23 17:27:35.088 2019] [4656] accepting connections
[Thu May 23 17:27:35.088 2019] [5772] prereading 3 indexes
[Thu May 23 17:27:35.097 2019] [5772] prereaded 3 indexes in 0.009 sec
[Thu May 23 17:28:04.683 2019] [5756] query error: unknown local index 'contents' in search request
[Thu May 23 17:28:48.284 2019] [4656] caught SIGTERM, shutting down
[Thu May 23 17:28:48.406 2019] [4656] shutdown complete
[Thu May 23 17:28:49.507 2019] [1684] listening on all interfaces, port=9312
[Thu May 23 17:28:49.511 2019] [1684] listening on all interfaces, port=9306
[Thu May 23 17:28:49.534 2019] [1684] binlog: replaying log D:\wamp64\www\sp/data/binlog.001
[Thu May 23 17:28:49.535 2019] [1684] binlog: replay stats: 0 rows in 0 commits; 0 updates, 0 reconfigure; 0 indexes
[Thu May 23 17:28:49.536 2019] [1684] binlog: finished replaying D:\wamp64\www\sp/data/binlog.001; 0.0 MB in 0.000 sec
[Thu May 23 17:28:49.537 2019] [1684] binlog: finished replaying total 1 in 0.003 sec
[Thu May 23 17:28:49.542 2019] [1684] accepting connections
[Thu May 23 17:28:49.542 2019] [7948] prereading 3 indexes
[Thu May 23 17:28:49.544 2019] [7948] prereaded 3 indexes in 0.002 sec
[Thu May 23 17:33:35.021 2019] [10400] query error: unknown local index 'article_src' in search request
[Thu May 23 17:35:47.806 2019] [1684] caught SIGTERM, shutting down
[Thu May 23 17:35:47.929 2019] [1684] shutdown complete
[Thu May 23 17:36:26.500 2019] [4100] listening on all interfaces, port=9312
[Thu May 23 17:36:26.503 2019] [4100] listening on all interfaces, port=9306
[Thu May 23 17:36:26.527 2019] [4100] binlog: replaying log D:\wamp64\www\sp/data/binlog.001
[Thu May 23 17:36:26.529 2019] [4100] binlog: replay stats: 0 rows in 0 commits; 0 updates, 0 reconfigure; 0 indexes
[Thu May 23 17:36:26.530 2019] [4100] binlog: finished replaying D:\wamp64\www\sp/data/binlog.001; 0.0 MB in 0.000 sec
[Thu May 23 17:36:26.531 2019] [4100] binlog: finished replaying total 1 in 0.004 sec
[Thu May 23 17:36:26.536 2019] [4100] accepting connections
[Thu May 23 17:36:26.536 2019] [9556] prereading 3 indexes
[Thu May 23 17:36:26.539 2019] [9556] prereaded 3 indexes in 0.002 sec
[Thu May 23 17:38:10.825 2019] [10096] query error: unknown local index 'content_src' in search request
[Thu May 23 17:40:40.024 2019] [4100] caught SIGTERM, shutting down
[Thu May 23 17:40:40.168 2019] [4100] shutdown complete
[Thu May 23 17:40:49.614 2019] [3736] listening on all interfaces, port=9312
[Thu May 23 17:40:49.618 2019] [3736] listening on all interfaces, port=9306
[Thu May 23 17:40:49.641 2019] [3736] binlog: replaying log D:\wamp64\www\sp/data/binlog.001
[Thu May 23 17:40:49.642 2019] [3736] binlog: replay stats: 0 rows in 0 commits; 0 updates, 0 reconfigure; 0 indexes
[Thu May 23 17:40:49.643 2019] [3736] binlog: finished replaying D:\wamp64\www\sp/data/binlog.001; 0.0 MB in 0.000 sec
[Thu May 23 17:40:49.645 2019] [3736] binlog: finished replaying total 1 in 0.003 sec
[Thu May 23 17:40:49.651 2019] [3736] accepting connections
[Thu May 23 17:40:49.651 2019] [2660] prereading 3 indexes
[Thu May 23 17:40:49.653 2019] [2660] prereaded 3 indexes in 0.002 sec
[Thu May 23 17:41:38.905 2019] [3736] caught SIGTERM, shutting down
[Thu May 23 17:41:38.974 2019] [3736] WARNING: binlog: failed to unlink D:\wamp64\www\sp/data/binlog.002: No such file or directory (remove it manually)
[Thu May 23 17:41:38.977 2019] [3736] shutdown complete
[Thu May 23 17:42:27.617 2019] [10552] listening on all interfaces, port=9312
[Thu May 23 17:42:27.620 2019] [10552] listening on all interfaces, port=9306
[Thu May 23 17:42:27.649 2019] [10408] prereading 3 indexes
[Thu May 23 17:42:27.649 2019] [10552] accepting connections
[Thu May 23 17:42:27.650 2019] [10408] prereaded 3 indexes in 0.001 sec
[Thu May 23 17:46:27.803 2019] [10552] caught SIGTERM, shutting down
[Thu May 23 17:46:27.906 2019] [10552] shutdown complete
[Thu May 23 17:46:34.504 2019] [11040] listening on all interfaces, port=9312
[Thu May 23 17:46:34.507 2019] [11040] listening on all interfaces, port=9306
[Thu May 23 17:46:34.541 2019] [11040] accepting connections
[Thu May 23 17:46:34.541 2019] [9448] prereading 3 indexes
[Thu May 23 17:46:34.543 2019] [9448] prereaded 3 indexes in 0.002 sec
